[2024-06-30 17:30:43,833: INFO: main: >>>>> Stage Load Data initiating <<<<<]
[2024-06-30 17:30:43,834: INFO: common: yaml file: config/config.yaml loaded successfully]
[2024-06-30 17:30:43,834: INFO: common: yaml file: params.yaml loaded successfully]
[2024-06-30 17:30:43,835: INFO: common: Directory created:artifacts]
[2024-06-30 17:30:43,835: INFO: common: Directory created:artifacts/model]
[2024-06-30 17:30:44,101: WARNING: saving_utils: Compiled the loaded model, but the compiled metrics have yet to be built. `model.compile_metrics` will be empty until you train or evaluate the model.]
[2024-06-30 17:30:44,357: INFO: main: >>>>> Stage  Load Data successfully completed <<<<<]
[2024-06-30 17:30:44,357: INFO: main: >>>>> Stage Train Model initiating <<<<<]
[2024-06-30 17:30:44,358: INFO: common: yaml file: config/config.yaml loaded successfully]
[2024-06-30 17:30:44,359: INFO: common: yaml file: params.yaml loaded successfully]
[2024-06-30 17:30:44,359: INFO: common: Directory created:artifacts]
[2024-06-30 17:30:44,359: INFO: common: Directory created:artifacts/train]
[2024-06-30 17:35:25,502: INFO: main: >>>>> Stage Load Data initiating <<<<<]
[2024-06-30 17:35:25,503: INFO: common: yaml file: config/config.yaml loaded successfully]
[2024-06-30 17:35:25,504: INFO: common: yaml file: params.yaml loaded successfully]
[2024-06-30 17:35:25,504: INFO: common: Directory created:artifacts]
[2024-06-30 17:35:25,504: INFO: common: Directory created:artifacts/model]
[2024-06-30 17:35:25,755: WARNING: saving_utils: Compiled the loaded model, but the compiled metrics have yet to be built. `model.compile_metrics` will be empty until you train or evaluate the model.]
[2024-06-30 17:35:25,857: INFO: main: >>>>> Stage  Load Data successfully completed <<<<<]
[2024-06-30 17:35:25,857: INFO: main: >>>>> Stage Train Model initiating <<<<<]
[2024-06-30 17:35:25,858: INFO: common: yaml file: config/config.yaml loaded successfully]
[2024-06-30 17:35:25,859: INFO: common: yaml file: params.yaml loaded successfully]
[2024-06-30 17:35:25,859: INFO: common: Directory created:artifacts]
[2024-06-30 17:35:25,860: INFO: common: Directory created:artifacts/train]
